-------------------------------------------------------------------------------
Test set: com.syswin.guava.base.PreconditionsTest
-------------------------------------------------------------------------------
Tests run: 1, Failures: 0, Errors: 1, Skipped: 0, Time elapsed: 0.001 sec <<< FAILURE!
test1(com.syswin.guava.base.PreconditionsTest)  Time elapsed: 0 sec  <<< ERROR!
java.lang.NullPointerException: name baoq may not be null
	at com.google.common.base.Preconditions.checkNotNull(Preconditions.java:250)
	at com.syswin.guava.base.PreconditionsTest.doSomething(PreconditionsTest.java:26)
	at com.syswin.guava.base.PreconditionsTest.test1(PreconditionsTest.java:20)
