<?xml version="1.0" encoding="UTF-8" ?>
<testsuite failures="0" time="0.009" errors="2" skipped="0" tests="5" name="com.syswin.guava.base.OptionalTest">
  <properties>
[...]
</properties>
  <testcase time="0.005" classname="com.syswin.guava.base.OptionalTest" name="test1">
    <error type="java.lang.NullPointerException">java.lang.NullPointerException
	at com.google.common.base.Preconditions.checkNotNull(Preconditions.java:210)
	at com.google.common.base.Optional.of(Optional.java:85)
	at com.syswin.guava.base.OptionalTest.test1(OptionalTest.java:55)
</error>
  </testcase>
  <testcase time="0.003" classname="com.syswin.guava.base.OptionalTest" name="test2">
    <error message="Optional.get() cannot be called on an absent value" type="java.lang.IllegalStateException">java.lang.IllegalStateException: Optional.get() cannot be called on an absent value
	at com.google.common.base.Absent.get(Absent.java:47)
	at com.syswin.guava.base.OptionalTest.test2(OptionalTest.java:61)
</error>
  </testcase>
  <testcase time="0" classname="com.syswin.guava.base.OptionalTest" name="test3"/>
  <testcase time="0.001" classname="com.syswin.guava.base.OptionalTest" name="test4"/>
  <testcase time="0" classname="com.syswin.guava.base.OptionalTest" name="test"/>
</testsuite>